  281 audioserver  20   0  11G  13M  11M S  8.1   0.6   0:12.62 audioserver                                                                                                                                                           ^
Tasks: 251 total,   3 running, 244 sleeping,   0 stopped,   4 zombie
  Mem:  2003304K total,  1957848K used,  46546944 free,   1650688 buffers
 Swap:  1001648K total,  83361792 used,   920240K free,   619892K cached
400%cpu 229%user   7%nice 110%sys  28%idle   0%iow  20%irq   5%sirq   0%host
   PID USER         PR  NI VIRT  RES  SHR S[%CPU] %MEM     TIME+ ARGS           
  2149 u0_a124      10 -10 1.8G 530M 158M R  193  27.0  41:29.12 com.ipebg.zzit+
   261 cameraserver 20   0 230M  78M  60M S 62.3   3.9  15:48.65 android.hardwa+
   315 cameraserver 20   0 109M  18M  16M S 25.6   0.9   6:35.93 cameraserver
   232 system       -3  -8  11G 6.3M 5.6M S 14.6   0.3   4:10.58 android.hardwa+
   180 system       -3  -8  11G  35M  24M S 14.3   1.8   4:04.22 surfaceflinger
  3249 root         20   0  10G 5.6M 4.5M S  7.6   0.2   0:24.11 adbd --root_se+
   281 audioserver  20   0  11G  13M  11M S  4.0   0.6   0:12.65 audioserver
Tasks: 251 total,   2 running, 245 sleeping,   0 stopped,   4 zombie
  Mem:  2003304K total,  1953656K used,  50839552 free,   1650688 buffers
 Swap:  1001648K total,  83361792 used,   920240K free,   619892K cached
400%cpu 235%user   8%nice 115%sys  15%idle   0%iow  21%irq   6%sirq   0%host
   PID USER         PR  NI VIRT  RES  SHR S[%CPU] %MEM     TIME+ ARGS           
  2149 u0_a124      10 -10 1.8G 532M 157M S  196  27.1  41:34.93 com.ipebg.zzit+
   261 cameraserver 20   0 230M  78M  60M S 63.6   3.9  15:50.52 android.hardwa+
   315 cameraserver 20   0 109M  18M  16M S 26.0   0.9   6:36.70 cameraserver
   232 system       -3  -8  11G 6.3M 5.6M S 13.3   0.3   4:11.02 android.hardwa+
   180 system       -3  -8  11G  35M  24M S 13.0   1.8   4:04.65 surfaceflinger
  3249 root         20   0  10G 5.6M 4.5M S  7.6   0.2   0:24.34 adbd --root_se+
   281 audioserver  20   0  11G  13M  11M S  4.3   0.6   0:12.77 audioserver
Tasks: 251 total,   2 running, 245 sleeping,   0 stopped,   4 zombie
  Mem:  2003304K total,  1950540K used,  54030336 free,   1650688 buffers
 Swap:  1001648K total,  83361792 used,   920240K free,   619892K cached
400%cpu 217%user   8%nice 107%sys  43%idle   0%iow  20%irq   5%sirq   0%host
   PID USER         PR  NI VIRT  RES  SHR S[%CPU] %MEM     TIME+ ARGS           
  2149 u0_a124      10 -10 1.8G 528M 157M S  185  26.9  41:40.83 com.ipebg.zzit+
   261 cameraserver 20   0 230M  78M  60M S 61.6   3.9  15:52.43 android.hardwa+
   315 cameraserver 20   0 109M  18M  16M S 25.6   0.9   6:37.48 cameraserver
   232 system       -3  -8  11G 6.3M 5.6M S 15.6   0.3   4:11.42 android.hardwa+
   180 system       -3  -8  11G  35M  24M S 14.3   1.8   4:05.04 surfaceflinger
  3249 root         20   0  10G 5.6M 4.5M R  7.3   0.2   0:24.57 adbd --root_se+
   281 audioserver  20   0  11G  13M  11M S  3.6   0.6   0:12.90 audioserver
Tasks: 251 total,   1 running, 246 sleeping,   0 stopped,   4 zombie
  Mem:  2003304K total,  1952140K used,  52391936 free,   1650688 buffers
 Swap:  1001648K total,  83361792 used,   920240K free,   619912K cached
400%cpu 212%user   8%nice 111%sys  42%idle   0%iow  21%irq   6%sirq   0%host
   PID USER         PR  NI VIRT  RES  SHR S[%CPU] %MEM     TIME+ ARGS           
  2149 u0_a124      10 -10 1.8G 526M 157M S  176  26.8  41:46.40 com.ipebg.zzit+
   261 cameraserver -2   0 230M  78M  60M S 61.0   3.9  15:54.28 android.hardwa+
   315 cameraserver 20   0 109M  18M  16M S 25.0   0.9   6:38.25 cameraserver
   232 system       -3  -8  11G 6.3M 5.6M S 16.0   0.3   4:11.89 android.hardwa+
   180 system       -3  -8  11G  35M  24M S 14.3   1.8   4:05.47 surfaceflinger
  3249 root         20   0  10G 5.6M 4.5M S  7.6   0.2   0:24.79 adbd --root_se+
   281 audioserver  20   0  11G  13M  11M S  4.3   0.6   0:13.01 audioserver
Tasks: 251 total,   1 running, 246 sleeping,   0 stopped,   4 zombie
  Mem:  2003304K total,  1957756K used,  46641152 free,   1650688 buffers
 Swap:  1001648K total,  83361792 used,   920240K free,   619912K cached
400%cpu 202%user  10%nice 116%sys  47%idle   0%iow  20%irq   6%sirq   0%host
   PID USER         PR  NI VIRT  RES  SHR S[%CPU] %MEM     TIME+ ARGS           
  2149 u0_a124      10 -10 1.8G 526M 157M S  178  26.8  41:51.69 com.ipebg.zzit+
   261 cameraserver -2   0 230M  78M  60M S 59.6   3.9  15:56.11 android.hardwa+
   315 cameraserver 20   0 109M  18M  16M S 25.3   0.9   6:39.00 cameraserver
   232 system       -3  -8  11G 6.3M 5.6M S 15.0   0.3   4:12.37 android.hardwa+
   180 system       -3  -8  11G  35M  24M S 13.3   1.8   4:05.90 surfaceflinger
  3249 root         20   0  10G 5.6M 4.5M S  7.0   0.2   0:25.02 adbd --root_se+
   152 logd         30  10  10G 5.8M 2.6M S  4.3   0.3   0:15.21 logd
Tasks: 251 total,   1 running, 246 sleeping,   0 stopped,   4 zombie
  Mem:  2003304K total,  1960984K used,  43335680 free,   1650688 buffers
 Swap:  1001648K total,  83361792 used,   920240K free,   619912K cached
400%cpu 220%user   7%nice 117%sys  30%idle   0%iow  20%irq   6%sirq   0%host
   PID USER         PR  NI VIRT  RES  SHR S[%CPU] %MEM     TIME+ ARGS           
  2149 u0_a124      10 -10 1.8G 529M 157M S  191  27.0  41:57.03 com.ipebg.zzit+
   261 cameraserver -2   0 230M  78M  60M S 60.6   3.9  15:57.90 android.hardwa+
   315 cameraserver 20   0 109M  18M  16M S 25.6   0.9   6:39.76 cameraserver
   232 system       -3  -8  11G 6.3M 5.6M S 15.0   0.3   4:12.82 android.hardwa+
   180 system       -3  -8  11G  35M  24M S 14.0   1.8   4:06.30 surfaceflinger
  3249 root         20   0  10G 5.6M 4.5M S  7.3   0.2   0:25.23 adbd --root_se+
   281 audioserver  20   0  11G  13M  11M S  4.0   0.6   0:13.25 audioserver
Tasks: 251 total,   1 running, 246 sleeping,   0 stopped,   4 zombie
  Mem:  2003304K total,  1953692K used,  50802688 free,   1650688 buffers
 Swap:  1001648K total,  83361792 used,   920240K free,   619912K cached
400%cpu 236%user   7%nice 118%sys  12%idle   0%iow  22%irq   5%sirq   0%host
   PID USER         PR  NI VIRT  RES  SHR S[%CPU] %MEM     TIME+ ARGS           
  2149 u0_a124      10 -10 1.8G 535M 157M S  200  27.3  42:02.76 com.ipebg.zzit+
   261 cameraserver 20   0 230M  78M  60M S 62.6   3.9  15:59.72 android.hardwa+
   315 cameraserver 20   0 109M  18M  16M S 26.0   0.9   6:40.53 cameraserver
   232 system       -3  -8  11G 6.3M 5.6M S 15.0   0.3   4:13.27 android.hardwa+
   180 system       -3  -8  11G  35M  24M S 13.6   1.8   4:06.72 surfaceflinger
  3249 root         20   0  10G 5.6M 4.5M S  6.0   0.2   0:25.45 adbd --root_se+
   281 audioserver  20   0  11G  13M  11M S  4.3   0.6   0:13.37 audioserver
   377 media        20   0 107M  13M  11M S  3.3   0.6   0:08.54 mediaserver
     1 root         20   0  10G 5.5M 4.2M S  3.3   0.2   1:04.21 init second_st+
  6125 root         20   0  10G 4.2M 3.2M R  2.6   0.2   0:00.66 top
   255 audioserver  20   0  30M 3.0M 2.8M S  2.3   0.1   0:07.66 android.hardwa+
   152 logd         30  10  10G 5.8M 2.6M S  2.3   0.3   0:15.46 logd
   399 mediacodec   20   0  11G  12M 9.1M S  2.0   0.6   0:05.45 media.swcodec +
   760 network_sta+ 20   0  13G 110M  78M S  1.0   5.6   0:21.55 com.android.ne+
  5800 root         20   0  10G 2.3M 1.8M S  0.6   0.1   0:00.88 logcat -v long+
  5798 root         20   0  10G 2.2M 1.8M S  0.6   0.1   0:00.88 logcat -v long+
   453 system       18  -2  16G 338M 277M S  0.6  17.2   0:30.46 system_server
    95 root         RT   0    0    0    0 S  0.6   0.0   0:14.04 [irq/23-rga]
  5597 root          0 -20    0    0    0 I  0.3   0.0   0:00.92 [kworker/u9:3-+
